{
  "RSpec": {
    "coverage": {
      "/Users/lin/Documents/GitHub/rails_IMDB_clone/app/models/user.rb": [
        1,
        null,
        null,
        1,
        null,
        null
      ],
      "/Users/lin/Documents/GitHub/rails_IMDB_clone/app/models/application_record.rb": [
        1,
        1,
        null
      ],
      "/Users/lin/Documents/GitHub/rails_IMDB_clone/app/helpers/application_helper.rb": [
        1,
        1,
        null
      ],
      "/Users/lin/Documents/GitHub/rails_IMDB_clone/app/helpers/genre_helper.rb": [
        1,
        null
      ],
      "/Users/lin/Documents/GitHub/rails_IMDB_clone/app/helpers/movies_helper.rb": [
        1,
        null,
        null
      ],
      "/Users/lin/Documents/GitHub/rails_IMDB_clone/app/helpers/rating_helper.rb": [
        1,
        null
      ],
      "/Users/lin/Documents/GitHub/rails_IMDB_clone/app/helpers/static_pages_helper.rb": [
        1,
        null
      ],
      "/Users/lin/Documents/GitHub/rails_IMDB_clone/app/helpers/valid_categories_helper.rb": [
        1,
        null
      ],
      "/Users/lin/Documents/GitHub/rails_IMDB_clone/app/controllers/genre_controller.rb": [
        1,
        1,
        1,
        1,
        1,
        0,
        null,
        null,
        null
      ],
      "/Users/lin/Documents/GitHub/rails_IMDB_clone/app/controllers/application_controller.rb": [
        1,
        1,
        1,
        null,
        1,
        null,
        1,
        null,
        1,
        0,
        0,
        0,
        null,
        null
      ],
      "/Users/lin/Documents/GitHub/rails_IMDB_clone/app/controllers/movies_controller.rb": [
        1,
        1,
        1,
        null,
        null,
        null,
        1,
        1,
        null,
        null,
        null,
        null,
        1,
        1,
        0,
        null,
        1,
        null,
        1,
        0,
        null,
        null,
        null,
        null,
        1,
        0,
        0,
        null,
        null,
        null,
        1,
        0,
        null,
        null,
        null,
        null,
        1,
        1,
        1,
        1,
        1,
        1,
        1,
        1,
        null,
        1,
        null,
        null,
        null,
        null,
        null,
        1,
        1,
        1,
        1,
        1,
        1,
        null,
        1,
        1,
        1,
        null,
        null,
        null,
        null,
        null,
        null,
        1,
        0,
        0,
        0,
        0,
        null,
        null,
        null,
        1,
        null,
        null,
        1,
        2,
        null,
        null,
        null,
        1,
        2,
        null,
        null,
        1,
        6,
        3,
        null,
        3,
        0,
        null,
        null,
        null
      ],
      "/Users/lin/Documents/GitHub/rails_IMDB_clone/app/controllers/rating_controller.rb": [
        1,
        1,
        null,
        1,
        1,
        0,
        null,
        1,
        null,
        null,
        null,
        1,
        null,
        null,
        null,
        1,
        0,
        0,
        null,
        null,
        1,
        1,
        0,
        null,
        null,
        null
      ],
      "/Users/lin/Documents/GitHub/rails_IMDB_clone/app/models/valid_category.rb": [
        1,
        1,
        null
      ],
      "/Users/lin/Documents/GitHub/rails_IMDB_clone/app/models/movie.rb": [
        1,
        1,
        1,
        1,
        null
      ],
      "/Users/lin/Documents/GitHub/rails_IMDB_clone/app/models/category.rb": [
        1,
        1,
        1,
        null
      ],
      "/Users/lin/Documents/GitHub/rails_IMDB_clone/app/models/avg_rating.rb": [
        1,
        1,
        null
      ],
      "/Users/lin/Documents/GitHub/rails_IMDB_clone/app/models/rating.rb": [
        1,
        1,
        1,
        1,
        null
      ],
      "/Users/lin/Documents/GitHub/rails_IMDB_clone/app/mailers/application_mailer.rb": [
        0,
        0,
        0,
        0
      ],
      "/Users/lin/Documents/GitHub/rails_IMDB_clone/app/jobs/application_job.rb": [
        0,
        0
      ],
      "/Users/lin/Documents/GitHub/rails_IMDB_clone/app/controllers/static_pages_controller.rb": [
        0,
        0,
        0,
        0,
        0,
        0,
        0,
        0,
        0
      ],
      "/Users/lin/Documents/GitHub/rails_IMDB_clone/app/controllers/valid_categories_controller.rb": [
        0,
        0,
        0,
        null,
        null,
        null,
        0,
        0,
        0,
        null,
        null,
        null,
        0,
        0,
        null,
        null,
        0,
        0,
        0,
        null,
        null,
        0,
        0,
        null,
        null,
        null,
        0,
        0,
        null,
        0,
        0,
        0,
        0,
        0,
        0,
        0,
        0,
        0,
        0,
        null,
        null,
        null,
        0,
        0,
        0,
        0,
        0,
        0,
        0,
        0,
        0,
        0,
        0,
        null,
        null,
        null,
        0,
        0,
        0,
        0,
        0,
        0,
        0,
        null,
        0,
        null,
        null,
        0,
        0,
        0,
        null,
        null,
        0,
        0,
        0,
        null,
        0,
        0,
        0,
        0,
        0,
        0,
        0,
        0,
        0
      ],
      "/Users/lin/Documents/GitHub/rails_IMDB_clone/app/channels/application_cable/connection.rb": [
        0,
        0,
        0,
        0
      ],
      "/Users/lin/Documents/GitHub/rails_IMDB_clone/app/channels/application_cable/channel.rb": [
        0,
        0,
        0,
        0
      ]
    },
    "timestamp": 1569311167
  }
}
